  stdafx.cpp
  JumpOverRobots.cpp
c:\users\mehol\documents\github\jump-over-robots\jumpoverrobots\jumpoverrobots\cpuspeed.h(7): warning C4101: 'Buffer': unreferenced local variable
c:\users\mehol\documents\github\jump-over-robots\jumpoverrobots\jumpoverrobots\jumpoverrobots.cpp(53): warning C4551: function call missing argument list
c:\users\mehol\documents\github\jump-over-robots\jumpoverrobots\jumpoverrobots\jumpoverrobots.cpp(213): warning C4477: 'swprintf_s' : format string '%x' requires an argument of type 'unsigned int', but variadic argument 1 has type 'WPARAM'
  c:\users\mehol\documents\github\jump-over-robots\jumpoverrobots\jumpoverrobots\jumpoverrobots.cpp(213): note: consider using '%llx' in the format string
  c:\users\mehol\documents\github\jump-over-robots\jumpoverrobots\jumpoverrobots\jumpoverrobots.cpp(213): note: consider using '%Ix' in the format string
  c:\users\mehol\documents\github\jump-over-robots\jumpoverrobots\jumpoverrobots\jumpoverrobots.cpp(213): note: consider using '%I64x' in the format string
c:\users\mehol\documents\github\jump-over-robots\jumpoverrobots\jumpoverrobots\jumpoverrobots.cpp(219): warning C4477: 'swprintf_s' : format string '%s' requires an argument of type 'wchar_t *', but variadic argument 1 has type 'int'
c:\users\mehol\documents\github\jump-over-robots\jumpoverrobots\jumpoverrobots\jumpoverrobots.cpp(219): warning C4313: 'swprintf_s': '%s' in format string conflicts with argument 1 of type 'int'
c:\users\mehol\documents\github\jump-over-robots\jumpoverrobots\jumpoverrobots\jumpoverrobots.cpp(225): warning C4477: 'swprintf_s' : format string '%x' requires an argument of type 'unsigned int', but variadic argument 1 has type 'WPARAM'
  c:\users\mehol\documents\github\jump-over-robots\jumpoverrobots\jumpoverrobots\jumpoverrobots.cpp(225): note: consider using '%llx' in the format string
  c:\users\mehol\documents\github\jump-over-robots\jumpoverrobots\jumpoverrobots\jumpoverrobots.cpp(225): note: consider using '%Ix' in the format string
  c:\users\mehol\documents\github\jump-over-robots\jumpoverrobots\jumpoverrobots\jumpoverrobots.cpp(225): note: consider using '%I64x' in the format string
c:\users\mehol\documents\github\jump-over-robots\jumpoverrobots\jumpoverrobots\jumpoverrobots.cpp(231): warning C4477: 'swprintf_s' : format string '%x' requires an argument of type 'unsigned int', but variadic argument 1 has type 'WPARAM'
  c:\users\mehol\documents\github\jump-over-robots\jumpoverrobots\jumpoverrobots\jumpoverrobots.cpp(231): note: consider using '%llx' in the format string
  c:\users\mehol\documents\github\jump-over-robots\jumpoverrobots\jumpoverrobots\jumpoverrobots.cpp(231): note: consider using '%Ix' in the format string
  c:\users\mehol\documents\github\jump-over-robots\jumpoverrobots\jumpoverrobots\jumpoverrobots.cpp(231): note: consider using '%I64x' in the format string
c:\users\mehol\documents\github\jump-over-robots\jumpoverrobots\jumpoverrobots\jumpoverrobots.cpp(237): warning C4477: 'swprintf_s' : format string '%x' requires an argument of type 'unsigned int', but variadic argument 1 has type 'WPARAM'
  c:\users\mehol\documents\github\jump-over-robots\jumpoverrobots\jumpoverrobots\jumpoverrobots.cpp(237): note: consider using '%llx' in the format string
  c:\users\mehol\documents\github\jump-over-robots\jumpoverrobots\jumpoverrobots\jumpoverrobots.cpp(237): note: consider using '%Ix' in the format string
  c:\users\mehol\documents\github\jump-over-robots\jumpoverrobots\jumpoverrobots\jumpoverrobots.cpp(237): note: consider using '%I64x' in the format string
c:\users\mehol\documents\github\jump-over-robots\jumpoverrobots\jumpoverrobots\jumpoverrobots.cpp(179): warning C4101: 'waCoord': unreferenced local variable
c:\users\mehol\documents\github\jump-over-robots\jumpoverrobots\jumpoverrobots\jumpoverrobots.cpp(188): warning C4101: 'waCoord': unreferenced local variable
c:\users\mehol\documents\github\jump-over-robots\jumpoverrobots\jumpoverrobots\jumpoverrobots.cpp(197): warning C4101: 'waCoord': unreferenced local variable
c:\users\mehol\documents\github\jump-over-robots\jumpoverrobots\jumpoverrobots\jumpoverrobots.cpp(206): warning C4101: 'waCoord': unreferenced local variable
  JumpOverRobots.vcxproj -> C:\Users\mehol\Documents\GitHub\Jump-Over-Robots\JumpOverRobots\x64\Debug\JumpOverRobots.exe
